[debug] [2023-07-05T12:37:23.988Z] ----------------------------------------------------------------------
[debug] [2023-07-05T12:37:23.989Z] Command:       /usr/local/bin/node /usr/local/bin/firebase emulators:start
[debug] [2023-07-05T12:37:23.989Z] CLI Version:   12.4.0
[debug] [2023-07-05T12:37:23.989Z] Platform:      linux
[debug] [2023-07-05T12:37:23.989Z] Node Version:  v18.16.0
[debug] [2023-07-05T12:37:23.990Z] Time:          Wed Jul 05 2023 14:37:23 GMT+0200 (Central European Summer Time)
[debug] [2023-07-05T12:37:23.990Z] ----------------------------------------------------------------------
[debug] 
[debug] [2023-07-05T12:37:24.047Z] > command requires scopes: ["email","openid","https://www.googleapis.com/auth/cloudplatformprojects.readonly","https://www.googleapis.com/auth/firebase","https://www.googleapis.com/auth/cloud-platform"]
[debug] [2023-07-05T12:37:24.047Z] > authorizing via signed-in user (dinumira@gmail.com)
[info] i  emulators: Starting emulators: functions, hosting {"metadata":{"emulator":{"name":"hub"},"message":"Starting emulators: functions, hosting"}}
[debug] [2023-07-05T12:37:24.051Z] [logging] Logging Emulator only supports listening on one address (127.0.0.1). Not listening on ::1
[debug] [2023-07-05T12:37:24.051Z] [hosting] Hosting Emulator only supports listening on one address (127.0.0.1). Not listening on ::1
[debug] [2023-07-05T12:37:24.051Z] assigned listening specs for emulators {"user":{"hub":[{"address":"127.0.0.1","family":"IPv4","port":4400},{"address":"::1","family":"IPv6","port":4400}],"ui":[{"address":"127.0.0.1","family":"IPv4","port":4000},{"address":"::1","family":"IPv6","port":4000}],"logging":[{"address":"127.0.0.1","family":"IPv4","port":4500}],"hosting":[{"address":"127.0.0.1","family":"IPv4","port":5000}]},"metadata":{"message":"assigned listening specs for emulators"}}
[debug] [2023-07-05T12:37:24.057Z] [hub] writing locator at /tmp/hub-shopvibe-5b646.json
[debug] [2023-07-05T12:37:24.065Z] [functions] Functions Emulator only supports listening on one address (127.0.0.1). Not listening on ::1
[debug] [2023-07-05T12:37:24.066Z] [eventarc] Eventarc Emulator only supports listening on one address (127.0.0.1). Not listening on ::1
[debug] [2023-07-05T12:37:24.066Z] late-assigned ports for functions and eventarc emulators {"user":{"hub":[{"address":"127.0.0.1","family":"IPv4","port":4400},{"address":"::1","family":"IPv6","port":4400}],"ui":[{"address":"127.0.0.1","family":"IPv4","port":4000},{"address":"::1","family":"IPv6","port":4000}],"logging":[{"address":"127.0.0.1","family":"IPv4","port":4500}],"hosting":[{"address":"127.0.0.1","family":"IPv4","port":5000}],"functions":[{"address":"127.0.0.1","family":"IPv4","port":5001}],"eventarc":[{"address":"127.0.0.1","family":"IPv4","port":9299}]},"metadata":{"message":"late-assigned ports for functions and eventarc emulators"}}
[warn] ⚠  functions: The following emulators are not running, calls to these services from the Functions emulator will affect production: auth, firestore, database, pubsub, storage {"metadata":{"emulator":{"name":"functions"},"message":"The following emulators are not running, calls to these services from the Functions emulator will affect production: \u001b[1mauth, firestore, database, pubsub, storage\u001b[22m"}}
[debug] [2023-07-05T12:37:24.068Z] defaultcredentials: writing to file /home/dinu/.config/firebase/dinumira_gmail_com_application_default_credentials.json
[debug] [2023-07-05T12:37:24.070Z] Setting GAC to /home/dinu/.config/firebase/dinumira_gmail_com_application_default_credentials.json {"metadata":{"emulator":{"name":"functions"},"message":"Setting GAC to /home/dinu/.config/firebase/dinumira_gmail_com_application_default_credentials.json"}}
[debug] [2023-07-05T12:37:24.071Z] > refreshing access token with scopes: []
[debug] [2023-07-05T12:37:24.072Z] >>> [apiv2][query] POST https://www.googleapis.com/oauth2/v3/token [none]
[debug] [2023-07-05T12:37:24.072Z] >>> [apiv2][body] POST https://www.googleapis.com/oauth2/v3/token [omitted]
[debug] [2023-07-05T12:37:24.134Z] <<< [apiv2][status] POST https://www.googleapis.com/oauth2/v3/token 200
[debug] [2023-07-05T12:37:24.134Z] <<< [apiv2][body] POST https://www.googleapis.com/oauth2/v3/token [omitted]
[debug] [2023-07-05T12:37:24.138Z] >>> [apiv2][query] GET https://firebase.googleapis.com/v1beta1/projects/shopvibe-5b646/adminSdkConfig [none]
[debug] [2023-07-05T12:37:34.398Z] <<< [apiv2][status] GET https://firebase.googleapis.com/v1beta1/projects/shopvibe-5b646/adminSdkConfig 200
[debug] [2023-07-05T12:37:34.399Z] <<< [apiv2][body] GET https://firebase.googleapis.com/v1beta1/projects/shopvibe-5b646/adminSdkConfig {"projectId":"shopvibe-5b646","databaseURL":"https://shopvibe-5b646-default-rtdb.europe-west1.firebasedatabase.app","storageBucket":"shopvibe-5b646.appspot.com"}
[debug] [2023-07-05T12:37:34.424Z] >>> [apiv2][query] GET https://firebasehosting.googleapis.com/v1beta1/projects/shopvibe-5b646/sites 
[debug] [2023-07-05T12:37:35.240Z] <<< [apiv2][status] GET https://firebasehosting.googleapis.com/v1beta1/projects/shopvibe-5b646/sites 200
[debug] [2023-07-05T12:37:35.240Z] <<< [apiv2][body] GET https://firebasehosting.googleapis.com/v1beta1/projects/shopvibe-5b646/sites {"sites":[{"name":"projects/shopvibe-5b646/sites/shopvibe-5b646","defaultUrl":"https://shopvibe-5b646.web.app","appId":"1:652388652800:web:51cffedd456a216d8705e5","type":"DEFAULT_SITE"}]}
[debug] [2023-07-05T12:37:35.240Z] >>> [apiv2][query] GET https://firebase.googleapis.com/v1beta1/projects/shopvibe-5b646/webApps/1:652388652800:web:51cffedd456a216d8705e5/config [none]
[debug] [2023-07-05T12:37:36.056Z] <<< [apiv2][status] GET https://firebase.googleapis.com/v1beta1/projects/shopvibe-5b646/webApps/1:652388652800:web:51cffedd456a216d8705e5/config 200
[debug] [2023-07-05T12:37:36.056Z] <<< [apiv2][body] GET https://firebase.googleapis.com/v1beta1/projects/shopvibe-5b646/webApps/1:652388652800:web:51cffedd456a216d8705e5/config {"projectId":"shopvibe-5b646","appId":"1:652388652800:web:51cffedd456a216d8705e5","databaseURL":"https://shopvibe-5b646-default-rtdb.europe-west1.firebasedatabase.app","storageBucket":"shopvibe-5b646.appspot.com","apiKey":"AIzaSyDOg_4XxUH2YmitLfLZI0Vnxfsv7QMfnSU","authDomain":"shopvibe-5b646.firebaseapp.com","messagingSenderId":"652388652800","measurementId":"G-KYX11MV0E9"}
[debug] [2023-07-05T12:37:36.061Z] >>> [apiv2][query] GET https://firebase.googleapis.com/v1beta1/projects/shopvibe-5b646 [none]
[debug] [2023-07-05T12:37:36.246Z] <<< [apiv2][status] GET https://firebase.googleapis.com/v1beta1/projects/shopvibe-5b646 200
[debug] [2023-07-05T12:37:36.246Z] <<< [apiv2][body] GET https://firebase.googleapis.com/v1beta1/projects/shopvibe-5b646 {"projectId":"shopvibe-5b646","projectNumber":"652388652800","displayName":"shopvibe","name":"projects/shopvibe-5b646","resources":{"hostingSite":"shopvibe-5b646","realtimeDatabaseInstance":"shopvibe-5b646-default-rtdb"},"state":"ACTIVE","etag":"1_8bb35637-f2b8-46f4-96ee-034608bf9dcd"}
[debug] [2023-07-05T12:37:36.247Z] Specified "public" directory "build" does not exist; Deploy to Hosting site "shopvibe-5b646" may fail or be empty.
[info] i  hosting[shopvibe-5b646]: Serving hosting files from: build {"metadata":{"emulator":{"name":"hosting"},"message":"Serving hosting files from: \u001b[1mbuild\u001b[22m"}}
[info] ✔  hosting[shopvibe-5b646]: Local server: http://127.0.0.1:5000 {"metadata":{"emulator":{"name":"hosting"},"message":"Local server: \u001b[4m\u001b[1mhttp://127.0.0.1:5000\u001b[22m\u001b[24m"}}
[debug] [2023-07-05T12:37:36.258Z] Ignoring unsupported arg: auto_download {"metadata":{"emulator":{"name":"ui"},"message":"Ignoring unsupported arg: auto_download"}}
[debug] [2023-07-05T12:37:36.258Z] Ignoring unsupported arg: port {"metadata":{"emulator":{"name":"ui"},"message":"Ignoring unsupported arg: port"}}
[debug] [2023-07-05T12:37:36.258Z] Starting Emulator UI with command {"binary":"node","args":["/home/dinu/.cache/firebase/emulators/ui-v1.11.6/server/server.js"],"optionalArgs":[],"joinArgs":false} {"metadata":{"emulator":{"name":"ui"},"message":"Starting Emulator UI with command {\"binary\":\"node\",\"args\":[\"/home/dinu/.cache/firebase/emulators/ui-v1.11.6/server/server.js\"],\"optionalArgs\":[],\"joinArgs\":false}"}}
[info] i  ui: Emulator UI logging to ui-debug.log {"metadata":{"emulator":{"name":"ui"},"message":"Emulator UI logging to \u001b[1mui-debug.log\u001b[22m"}}
[debug] [2023-07-05T12:37:36.331Z] Web / API server started at 127.0.0.1:4000
 {"metadata":{"emulator":{"name":"ui"},"message":"Web / API server started at 127.0.0.1:4000\n"}}
[debug] [2023-07-05T12:37:36.331Z] Web / API server started at ::1:4000
 {"metadata":{"emulator":{"name":"ui"},"message":"Web / API server started at ::1:4000\n"}}
[info] i  functions: Watching "/home/dinu/HOLBERTON/ShopVibe/shopvibe/functions" for Cloud Functions... {"metadata":{"emulator":{"name":"functions"},"message":"Watching \"/home/dinu/HOLBERTON/ShopVibe/shopvibe/functions\" for Cloud Functions..."}}
[debug] [2023-07-05T12:37:36.528Z] Validating nodejs source
[debug] [2023-07-05T12:37:36.860Z] > [functions] package.json contents: {
  "name": "functions",
  "description": "Cloud Functions for Firebase",
  "scripts": {
    "lint": "eslint .",
    "serve": "firebase emulators:start --only functions",
    "shell": "firebase functions:shell",
    "start": "npm run shell",
    "deploy": "firebase deploy --only functions",
    "logs": "firebase functions:log"
  },
  "engines": {
    "node": "18"
  },
  "main": "index.js",
  "dependencies": {
    "cors": "^2.8.5",
    "express": "^4.18.2",
    "firebase-admin": "^11.8.0",
    "firebase-functions": "^4.3.1",
    "stripe": "^12.11.0"
  },
  "devDependencies": {
    "eslint": "^8.15.0",
    "eslint-config-google": "^0.14.0",
    "firebase-functions-test": "^3.1.0"
  },
  "private": true
}
[debug] [2023-07-05T12:37:36.860Z] Building nodejs source
[debug] [2023-07-05T12:37:36.861Z] Failed to find version of module node: reached end of search path /home/dinu/HOLBERTON/ShopVibe/shopvibe/functions/node_modules
[info] ✔  functions: Using node@18 from host. 
[debug] [2023-07-05T12:37:36.863Z] Could not find functions.yaml. Must use http discovery
[debug] [2023-07-05T12:37:36.865Z] Found firebase-functions binary at '/home/dinu/HOLBERTON/ShopVibe/shopvibe/functions/node_modules/.bin/firebase-functions'
[debug] [2023-07-05T12:37:36.946Z] Serving at port 8724

[debug] [2023-07-05T12:37:37.061Z] Got response from /__/functions.yaml {"endpoints":{"api":{"platform":"gcfv1","availableMemoryMb":null,"timeoutSeconds":null,"minInstances":null,"maxInstances":null,"ingressSettings":null,"serviceAccountEmail":null,"vpc":null,"httpsTrigger":{},"entryPoint":"api"}},"specVersion":"v1alpha1","requiredAPIs":[]}
[debug] [2023-07-05T12:37:37.065Z] shutdown requested via /__/quitquitquit

[info] ✔  functions: Loaded functions definitions from source: api. {"metadata":{"emulator":{"name":"functions"},"message":"Loaded functions definitions from source: api."}}
[info] ✔  functions[us-central1-api]: http function initialized (http://127.0.0.1:5001/shopvibe-5b646/us-central1/api). {"metadata":{"emulator":{"name":"functions"},"message":"\u001b[1mhttp\u001b[22m function initialized (http://127.0.0.1:5001/shopvibe-5b646/us-central1/api)."}}
[info] 
┌─────────────────────────────────────────────────────────────┐
│ ✔  All emulators ready! It is now safe to connect your app. │
│ i  View Emulator UI at http://127.0.0.1:4000/               │
└─────────────────────────────────────────────────────────────┘

┌───────────┬────────────────┬─────────────────────────────────┐
│ Emulator  │ Host:Port      │ View in Emulator UI             │
├───────────┼────────────────┼─────────────────────────────────┤
│ Functions │ 127.0.0.1:5001 │ http://127.0.0.1:4000/functions │
├───────────┼────────────────┼─────────────────────────────────┤
│ Hosting   │ 127.0.0.1:5000 │ n/a                             │
└───────────┴────────────────┴─────────────────────────────────┘
  Emulator Hub running at 127.0.0.1:4400
  Other reserved ports: 4500

Issues? Report them at https://github.com/firebase/firebase-tools/issues and attach the *-debug.log files.
 
[debug] [2023-07-05T12:53:09.858Z] [work-queue] {"queuedWork":["/shopvibe-5b646/us-central1/api/payments/create-2023-07-05T12:53:09.858Z"],"queueLength":1,"runningWork":[],"workRunningCount":0}
[debug] [2023-07-05T12:53:09.859Z] [work-queue] {"queuedWork":[],"queueLength":0,"runningWork":["/shopvibe-5b646/us-central1/api/payments/create-2023-07-05T12:53:09.858Z"],"workRunningCount":1}
[debug] [2023-07-05T12:53:09.859Z] Accepted request OPTIONS /shopvibe-5b646/us-central1/api/payments/create --> us-central1-api
[debug] [2023-07-05T12:53:09.861Z] [functions] Runtime ready! Sending request! {"metadata":{"emulator":{"name":"functions"},"message":"[functions] Runtime ready! Sending request!"}}
[debug] [2023-07-05T12:53:09.862Z] [functions] Got req.url=/shopvibe-5b646/us-central1/api/payments/create, mapping to path=/payments/create {"metadata":{"emulator":{"name":"functions"},"message":"[functions] Got req.url=/shopvibe-5b646/us-central1/api/payments/create, mapping to path=/payments/create"}}
[debug] [2023-07-05T12:53:09.871Z] [worker-pool] addWorker(us-central1-api) {"metadata":{"emulator":{"name":"functions"},"message":"[worker-pool] addWorker(us-central1-api)"}}
[debug] [2023-07-05T12:53:09.871Z] [worker-pool] Adding worker with key us-central1-api, total=1 {"metadata":{"emulator":{"name":"functions"},"message":"[worker-pool] Adding worker with key us-central1-api, total=1"}}
[debug] [2023-07-05T12:53:09.874Z] [work-queue] {"queuedWork":["/shopvibe-5b646/us-central1/api/payments/create-2023-07-05T12:53:09.874Z"],"queueLength":1,"runningWork":["/shopvibe-5b646/us-central1/api/payments/create-2023-07-05T12:53:09.858Z"],"workRunningCount":1}
[debug] [2023-07-05T12:53:09.874Z] [work-queue] {"queuedWork":[],"queueLength":0,"runningWork":["/shopvibe-5b646/us-central1/api/payments/create-2023-07-05T12:53:09.858Z","/shopvibe-5b646/us-central1/api/payments/create-2023-07-05T12:53:09.874Z"],"workRunningCount":2}
[debug] [2023-07-05T12:53:09.874Z] Accepted request OPTIONS /shopvibe-5b646/us-central1/api/payments/create --> us-central1-api
[debug] [2023-07-05T12:53:09.879Z] [functions] Runtime ready! Sending request! {"metadata":{"emulator":{"name":"functions"},"message":"[functions] Runtime ready! Sending request!"}}
[debug] [2023-07-05T12:53:09.879Z] [functions] Got req.url=/shopvibe-5b646/us-central1/api/payments/create, mapping to path=/payments/create {"metadata":{"emulator":{"name":"functions"},"message":"[functions] Got req.url=/shopvibe-5b646/us-central1/api/payments/create, mapping to path=/payments/create"}}
[debug] [2023-07-05T12:53:09.890Z] [worker-pool] addWorker(us-central1-api) {"metadata":{"emulator":{"name":"functions"},"message":"[worker-pool] addWorker(us-central1-api)"}}
[debug] [2023-07-05T12:53:09.891Z] [worker-pool] Adding worker with key us-central1-api, total=2 {"metadata":{"emulator":{"name":"functions"},"message":"[worker-pool] Adding worker with key us-central1-api, total=2"}}
[debug] [2023-07-05T12:53:10.350Z] [runtime-status] [28283] Resolved module firebase-admin {"declared":true,"installed":true,"version":"11.9.0","resolution":"/home/dinu/HOLBERTON/ShopVibe/shopvibe/functions/node_modules/firebase-admin/lib/index.js"} {"metadata":{"emulator":{"name":"functions"},"function":{"name":"us-central1-api"},"extension":{},"message":"[runtime-status] [28283] Resolved module firebase-admin {\"declared\":true,\"installed\":true,\"version\":\"11.9.0\",\"resolution\":\"/home/dinu/HOLBERTON/ShopVibe/shopvibe/functions/node_modules/firebase-admin/lib/index.js\"}"}}
[debug] [2023-07-05T12:53:10.350Z] [runtime-status] [28283] Resolved module firebase-functions {"declared":true,"installed":true,"version":"4.4.1","resolution":"/home/dinu/HOLBERTON/ShopVibe/shopvibe/functions/node_modules/firebase-functions/lib/v1/index.js"} {"metadata":{"emulator":{"name":"functions"},"function":{"name":"us-central1-api"},"extension":{},"message":"[runtime-status] [28283] Resolved module firebase-functions {\"declared\":true,\"installed\":true,\"version\":\"4.4.1\",\"resolution\":\"/home/dinu/HOLBERTON/ShopVibe/shopvibe/functions/node_modules/firebase-functions/lib/v1/index.js\"}"}}
[debug] [2023-07-05T12:53:10.351Z] [runtime-status] [28283] Outgoing network have been stubbed. [{"name":"http","status":"mocked"},{"name":"http","status":"mocked"},{"name":"https","status":"mocked"},{"name":"https","status":"mocked"},{"name":"net","status":"mocked"}] {"metadata":{"emulator":{"name":"functions"},"function":{"name":"us-central1-api"},"extension":{},"message":"[runtime-status] [28283] Outgoing network have been stubbed. [{\"name\":\"http\",\"status\":\"mocked\"},{\"name\":\"http\",\"status\":\"mocked\"},{\"name\":\"https\",\"status\":\"mocked\"},{\"name\":\"https\",\"status\":\"mocked\"},{\"name\":\"net\",\"status\":\"mocked\"}]"}}
[debug] [2023-07-05T12:53:10.351Z] [runtime-status] [28283] Resolved module firebase-functions {"declared":true,"installed":true,"version":"4.4.1","resolution":"/home/dinu/HOLBERTON/ShopVibe/shopvibe/functions/node_modules/firebase-functions/lib/v1/index.js"} {"metadata":{"emulator":{"name":"functions"},"function":{"name":"us-central1-api"},"extension":{},"message":"[runtime-status] [28283] Resolved module firebase-functions {\"declared\":true,\"installed\":true,\"version\":\"4.4.1\",\"resolution\":\"/home/dinu/HOLBERTON/ShopVibe/shopvibe/functions/node_modules/firebase-functions/lib/v1/index.js\"}"}}
[debug] [2023-07-05T12:53:10.354Z] [runtime-status] [28289] Resolved module firebase-admin {"declared":true,"installed":true,"version":"11.9.0","resolution":"/home/dinu/HOLBERTON/ShopVibe/shopvibe/functions/node_modules/firebase-admin/lib/index.js"} {"metadata":{"emulator":{"name":"functions"},"function":{"name":"us-central1-api"},"extension":{},"message":"[runtime-status] [28289] Resolved module firebase-admin {\"declared\":true,\"installed\":true,\"version\":\"11.9.0\",\"resolution\":\"/home/dinu/HOLBERTON/ShopVibe/shopvibe/functions/node_modules/firebase-admin/lib/index.js\"}"}}
[debug] [2023-07-05T12:53:10.354Z] [runtime-status] [28289] Resolved module firebase-functions {"declared":true,"installed":true,"version":"4.4.1","resolution":"/home/dinu/HOLBERTON/ShopVibe/shopvibe/functions/node_modules/firebase-functions/lib/v1/index.js"} {"metadata":{"emulator":{"name":"functions"},"function":{"name":"us-central1-api"},"extension":{},"message":"[runtime-status] [28289] Resolved module firebase-functions {\"declared\":true,\"installed\":true,\"version\":\"4.4.1\",\"resolution\":\"/home/dinu/HOLBERTON/ShopVibe/shopvibe/functions/node_modules/firebase-functions/lib/v1/index.js\"}"}}
[debug] [2023-07-05T12:53:10.355Z] [runtime-status] [28289] Outgoing network have been stubbed. [{"name":"http","status":"mocked"},{"name":"http","status":"mocked"},{"name":"https","status":"mocked"},{"name":"https","status":"mocked"},{"name":"net","status":"mocked"}] {"metadata":{"emulator":{"name":"functions"},"function":{"name":"us-central1-api"},"extension":{},"message":"[runtime-status] [28289] Outgoing network have been stubbed. [{\"name\":\"http\",\"status\":\"mocked\"},{\"name\":\"http\",\"status\":\"mocked\"},{\"name\":\"https\",\"status\":\"mocked\"},{\"name\":\"https\",\"status\":\"mocked\"},{\"name\":\"net\",\"status\":\"mocked\"}]"}}
[debug] [2023-07-05T12:53:10.355Z] [runtime-status] [28289] Resolved module firebase-functions {"declared":true,"installed":true,"version":"4.4.1","resolution":"/home/dinu/HOLBERTON/ShopVibe/shopvibe/functions/node_modules/firebase-functions/lib/v1/index.js"} {"metadata":{"emulator":{"name":"functions"},"function":{"name":"us-central1-api"},"extension":{},"message":"[runtime-status] [28289] Resolved module firebase-functions {\"declared\":true,\"installed\":true,\"version\":\"4.4.1\",\"resolution\":\"/home/dinu/HOLBERTON/ShopVibe/shopvibe/functions/node_modules/firebase-functions/lib/v1/index.js\"}"}}
[debug] [2023-07-05T12:53:10.454Z] [runtime-status] [28283] Checked functions.config() {"config":{}} {"metadata":{"emulator":{"name":"functions"},"function":{"name":"us-central1-api"},"extension":{},"message":"[runtime-status] [28283] Checked functions.config() {\"config\":{}}"}}
[debug] [2023-07-05T12:53:10.454Z] [runtime-status] [28283] firebase-functions has been stubbed. {"functionsResolution":{"declared":true,"installed":true,"version":"4.4.1","resolution":"/home/dinu/HOLBERTON/ShopVibe/shopvibe/functions/node_modules/firebase-functions/lib/v1/index.js"}} {"metadata":{"emulator":{"name":"functions"},"function":{"name":"us-central1-api"},"extension":{},"message":"[runtime-status] [28283] firebase-functions has been stubbed. {\"functionsResolution\":{\"declared\":true,\"installed\":true,\"version\":\"4.4.1\",\"resolution\":\"/home/dinu/HOLBERTON/ShopVibe/shopvibe/functions/node_modules/firebase-functions/lib/v1/index.js\"}}"}}
[debug] [2023-07-05T12:53:10.454Z] [runtime-status] [28283] Resolved module firebase-functions {"declared":true,"installed":true,"version":"4.4.1","resolution":"/home/dinu/HOLBERTON/ShopVibe/shopvibe/functions/node_modules/firebase-functions/lib/v1/index.js"} {"metadata":{"emulator":{"name":"functions"},"function":{"name":"us-central1-api"},"extension":{},"message":"[runtime-status] [28283] Resolved module firebase-functions {\"declared\":true,\"installed\":true,\"version\":\"4.4.1\",\"resolution\":\"/home/dinu/HOLBERTON/ShopVibe/shopvibe/functions/node_modules/firebase-functions/lib/v1/index.js\"}"}}
[debug] [2023-07-05T12:53:10.455Z] [runtime-status] [28283] Resolved module firebase-admin {"declared":true,"installed":true,"version":"11.9.0","resolution":"/home/dinu/HOLBERTON/ShopVibe/shopvibe/functions/node_modules/firebase-admin/lib/index.js"} {"metadata":{"emulator":{"name":"functions"},"function":{"name":"us-central1-api"},"extension":{},"message":"[runtime-status] [28283] Resolved module firebase-admin {\"declared\":true,\"installed\":true,\"version\":\"11.9.0\",\"resolution\":\"/home/dinu/HOLBERTON/ShopVibe/shopvibe/functions/node_modules/firebase-admin/lib/index.js\"}"}}
[debug] [2023-07-05T12:53:10.455Z] [runtime-status] [28283] Resolved module firebase-functions {"declared":true,"installed":true,"version":"4.4.1","resolution":"/home/dinu/HOLBERTON/ShopVibe/shopvibe/functions/node_modules/firebase-functions/lib/v1/index.js"} {"metadata":{"emulator":{"name":"functions"},"function":{"name":"us-central1-api"},"extension":{},"message":"[runtime-status] [28283] Resolved module firebase-functions {\"declared\":true,\"installed\":true,\"version\":\"4.4.1\",\"resolution\":\"/home/dinu/HOLBERTON/ShopVibe/shopvibe/functions/node_modules/firebase-functions/lib/v1/index.js\"}"}}
[debug] [2023-07-05T12:53:10.456Z] [runtime-status] [28283] firebase-admin has been stubbed. {"adminResolution":{"declared":true,"installed":true,"version":"11.9.0","resolution":"/home/dinu/HOLBERTON/ShopVibe/shopvibe/functions/node_modules/firebase-admin/lib/index.js"}} {"metadata":{"emulator":{"name":"functions"},"function":{"name":"us-central1-api"},"extension":{},"message":"[runtime-status] [28283] firebase-admin has been stubbed. {\"adminResolution\":{\"declared\":true,\"installed\":true,\"version\":\"11.9.0\",\"resolution\":\"/home/dinu/HOLBERTON/ShopVibe/shopvibe/functions/node_modules/firebase-admin/lib/index.js\"}}"}}
[debug] [2023-07-05T12:53:10.457Z] [runtime-status] [28289] Checked functions.config() {"config":{}} {"metadata":{"emulator":{"name":"functions"},"function":{"name":"us-central1-api"},"extension":{},"message":"[runtime-status] [28289] Checked functions.config() {\"config\":{}}"}}
[debug] [2023-07-05T12:53:10.457Z] [runtime-status] [28289] firebase-functions has been stubbed. {"functionsResolution":{"declared":true,"installed":true,"version":"4.4.1","resolution":"/home/dinu/HOLBERTON/ShopVibe/shopvibe/functions/node_modules/firebase-functions/lib/v1/index.js"}} {"metadata":{"emulator":{"name":"functions"},"function":{"name":"us-central1-api"},"extension":{},"message":"[runtime-status] [28289] firebase-functions has been stubbed. {\"functionsResolution\":{\"declared\":true,\"installed\":true,\"version\":\"4.4.1\",\"resolution\":\"/home/dinu/HOLBERTON/ShopVibe/shopvibe/functions/node_modules/firebase-functions/lib/v1/index.js\"}}"}}
[debug] [2023-07-05T12:53:10.458Z] [runtime-status] [28289] Resolved module firebase-functions {"declared":true,"installed":true,"version":"4.4.1","resolution":"/home/dinu/HOLBERTON/ShopVibe/shopvibe/functions/node_modules/firebase-functions/lib/v1/index.js"} {"metadata":{"emulator":{"name":"functions"},"function":{"name":"us-central1-api"},"extension":{},"message":"[runtime-status] [28289] Resolved module firebase-functions {\"declared\":true,\"installed\":true,\"version\":\"4.4.1\",\"resolution\":\"/home/dinu/HOLBERTON/ShopVibe/shopvibe/functions/node_modules/firebase-functions/lib/v1/index.js\"}"}}
[debug] [2023-07-05T12:53:10.459Z] [runtime-status] [28289] Resolved module firebase-admin {"declared":true,"installed":true,"version":"11.9.0","resolution":"/home/dinu/HOLBERTON/ShopVibe/shopvibe/functions/node_modules/firebase-admin/lib/index.js"} {"metadata":{"emulator":{"name":"functions"},"function":{"name":"us-central1-api"},"extension":{},"message":"[runtime-status] [28289] Resolved module firebase-admin {\"declared\":true,\"installed\":true,\"version\":\"11.9.0\",\"resolution\":\"/home/dinu/HOLBERTON/ShopVibe/shopvibe/functions/node_modules/firebase-admin/lib/index.js\"}"}}
[debug] [2023-07-05T12:53:10.460Z] [runtime-status] [28289] Resolved module firebase-functions {"declared":true,"installed":true,"version":"4.4.1","resolution":"/home/dinu/HOLBERTON/ShopVibe/shopvibe/functions/node_modules/firebase-functions/lib/v1/index.js"} {"metadata":{"emulator":{"name":"functions"},"function":{"name":"us-central1-api"},"extension":{},"message":"[runtime-status] [28289] Resolved module firebase-functions {\"declared\":true,\"installed\":true,\"version\":\"4.4.1\",\"resolution\":\"/home/dinu/HOLBERTON/ShopVibe/shopvibe/functions/node_modules/firebase-functions/lib/v1/index.js\"}"}}
[debug] [2023-07-05T12:53:10.460Z] [runtime-status] [28289] firebase-admin has been stubbed. {"adminResolution":{"declared":true,"installed":true,"version":"11.9.0","resolution":"/home/dinu/HOLBERTON/ShopVibe/shopvibe/functions/node_modules/firebase-admin/lib/index.js"}} {"metadata":{"emulator":{"name":"functions"},"function":{"name":"us-central1-api"},"extension":{},"message":"[runtime-status] [28289] firebase-admin has been stubbed. {\"adminResolution\":{\"declared\":true,\"installed\":true,\"version\":\"11.9.0\",\"resolution\":\"/home/dinu/HOLBERTON/ShopVibe/shopvibe/functions/node_modules/firebase-admin/lib/index.js\"}}"}}
[debug] [2023-07-05T12:53:10.515Z] [runtime-status] [28283] Functions runtime initialized. {"cwd":"/home/dinu/HOLBERTON/ShopVibe/shopvibe/functions","node_version":"18.16.0"} {"metadata":{"emulator":{"name":"functions"},"function":{"name":"us-central1-api"},"extension":{},"message":"[runtime-status] [28283] Functions runtime initialized. {\"cwd\":\"/home/dinu/HOLBERTON/ShopVibe/shopvibe/functions\",\"node_version\":\"18.16.0\"}"}}
[debug] [2023-07-05T12:53:10.515Z] [runtime-status] [28283] Listening to port: /tmp/fire_emu_93855117e64ca58f.sock {"metadata":{"emulator":{"name":"functions"},"function":{"name":"us-central1-api"},"extension":{},"message":"[runtime-status] [28283] Listening to port: /tmp/fire_emu_93855117e64ca58f.sock"}}
[debug] [2023-07-05T12:53:10.519Z] [runtime-status] [28289] Functions runtime initialized. {"cwd":"/home/dinu/HOLBERTON/ShopVibe/shopvibe/functions","node_version":"18.16.0"} {"metadata":{"emulator":{"name":"functions"},"function":{"name":"us-central1-api"},"extension":{},"message":"[runtime-status] [28289] Functions runtime initialized. {\"cwd\":\"/home/dinu/HOLBERTON/ShopVibe/shopvibe/functions\",\"node_version\":\"18.16.0\"}"}}
[debug] [2023-07-05T12:53:10.519Z] [runtime-status] [28289] Listening to port: /tmp/fire_emu_b23d2f86b1386933.sock {"metadata":{"emulator":{"name":"functions"},"function":{"name":"us-central1-api"},"extension":{},"message":"[runtime-status] [28289] Listening to port: /tmp/fire_emu_b23d2f86b1386933.sock"}}
[debug] [2023-07-05T12:53:10.582Z] [worker-us-central1-api-2017407b-92e1-4020-8f8d-03df07070d49]: IDLE {"metadata":{"emulator":{"name":"functions"},"function":{"name":"us-central1-api"},"extension":{},"message":"[worker-us-central1-api-2017407b-92e1-4020-8f8d-03df07070d49]: IDLE"}}
[debug] [2023-07-05T12:53:10.582Z] [worker-pool] submitRequest(triggerId=us-central1-api) {"metadata":{"emulator":{"name":"functions"},"message":"[worker-pool] submitRequest(triggerId=us-central1-api)"}}
[info] i  functions: Beginning execution of "us-central1-api" {"metadata":{"emulator":{"name":"functions"},"function":{"name":"us-central1-api"},"extension":{},"message":"Beginning execution of \"us-central1-api\""}}
[debug] [2023-07-05T12:53:10.583Z] [worker-us-central1-api-2017407b-92e1-4020-8f8d-03df07070d49]: BUSY {"metadata":{"emulator":{"name":"functions"},"function":{"name":"us-central1-api"},"extension":{},"message":"[worker-us-central1-api-2017407b-92e1-4020-8f8d-03df07070d49]: BUSY"}}
[debug] [2023-07-05T12:53:10.591Z] Finishing up request with event=pause {"metadata":{"emulator":{"name":"functions"},"function":{"name":"us-central1-api"},"extension":{},"message":"Finishing up request with event=pause"}}
[info] i  functions: Finished "us-central1-api" in 8.046209ms {"metadata":{"emulator":{"name":"functions"},"function":{"name":"us-central1-api"},"extension":{},"message":"Finished \"us-central1-api\" in 8.046209ms"}}
[debug] [2023-07-05T12:53:10.591Z] [worker-us-central1-api-2017407b-92e1-4020-8f8d-03df07070d49]: IDLE {"metadata":{"emulator":{"name":"functions"},"function":{"name":"us-central1-api"},"extension":{},"message":"[worker-us-central1-api-2017407b-92e1-4020-8f8d-03df07070d49]: IDLE"}}
[debug] [2023-07-05T12:53:10.591Z] Finishing up request with event=finish {"metadata":{"emulator":{"name":"functions"},"function":{"name":"us-central1-api"},"extension":{},"message":"Finishing up request with event=finish"}}
[debug] [2023-07-05T12:53:10.592Z] Finishing up request with event=close {"metadata":{"emulator":{"name":"functions"},"function":{"name":"us-central1-api"},"extension":{},"message":"Finishing up request with event=close"}}
[debug] [2023-07-05T12:53:10.592Z] [work-queue] {"queuedWork":[],"queueLength":0,"runningWork":["/shopvibe-5b646/us-central1/api/payments/create-2023-07-05T12:53:09.874Z"],"workRunningCount":1}
[debug] [2023-07-05T12:53:10.597Z] [work-queue] {"queuedWork":["/shopvibe-5b646/us-central1/api/payments/create-2023-07-05T12:53:10.597Z"],"queueLength":1,"runningWork":["/shopvibe-5b646/us-central1/api/payments/create-2023-07-05T12:53:09.874Z"],"workRunningCount":1}
[debug] [2023-07-05T12:53:10.597Z] [work-queue] {"queuedWork":[],"queueLength":0,"runningWork":["/shopvibe-5b646/us-central1/api/payments/create-2023-07-05T12:53:09.874Z","/shopvibe-5b646/us-central1/api/payments/create-2023-07-05T12:53:10.597Z"],"workRunningCount":2}
[debug] [2023-07-05T12:53:10.597Z] Accepted request POST /shopvibe-5b646/us-central1/api/payments/create --> us-central1-api
[debug] [2023-07-05T12:53:10.601Z] [functions] Runtime ready! Sending request! {"metadata":{"emulator":{"name":"functions"},"message":"[functions] Runtime ready! Sending request!"}}
[debug] [2023-07-05T12:53:10.601Z] [functions] Got req.url=/shopvibe-5b646/us-central1/api/payments/create, mapping to path=/payments/create {"metadata":{"emulator":{"name":"functions"},"message":"[functions] Got req.url=/shopvibe-5b646/us-central1/api/payments/create, mapping to path=/payments/create"}}
[debug] [2023-07-05T12:53:10.601Z] [worker-pool] submitRequest(triggerId=us-central1-api) {"metadata":{"emulator":{"name":"functions"},"message":"[worker-pool] submitRequest(triggerId=us-central1-api)"}}
[info] i  functions: Beginning execution of "us-central1-api" {"metadata":{"emulator":{"name":"functions"},"function":{"name":"us-central1-api"},"extension":{},"message":"Beginning execution of \"us-central1-api\""}}
[debug] [2023-07-05T12:53:10.602Z] [worker-us-central1-api-2017407b-92e1-4020-8f8d-03df07070d49]: BUSY {"metadata":{"emulator":{"name":"functions"},"function":{"name":"us-central1-api"},"extension":{},"message":"[worker-us-central1-api-2017407b-92e1-4020-8f8d-03df07070d49]: BUSY"}}
[debug] [2023-07-05T12:53:10.607Z] [worker-us-central1-api-50b0ca91-d763-4bbd-afba-8da7a2937298]: IDLE {"metadata":{"emulator":{"name":"functions"},"function":{"name":"us-central1-api"},"extension":{},"message":"[worker-us-central1-api-50b0ca91-d763-4bbd-afba-8da7a2937298]: IDLE"}}
[debug] [2023-07-05T12:53:10.607Z] [worker-pool] submitRequest(triggerId=us-central1-api) {"metadata":{"emulator":{"name":"functions"},"message":"[worker-pool] submitRequest(triggerId=us-central1-api)"}}
[info] i  functions: Beginning execution of "us-central1-api" {"metadata":{"emulator":{"name":"functions"},"function":{"name":"us-central1-api"},"extension":{},"message":"Beginning execution of \"us-central1-api\""}}
[debug] [2023-07-05T12:53:10.608Z] [worker-us-central1-api-50b0ca91-d763-4bbd-afba-8da7a2937298]: BUSY {"metadata":{"emulator":{"name":"functions"},"function":{"name":"us-central1-api"},"extension":{},"message":"[worker-us-central1-api-50b0ca91-d763-4bbd-afba-8da7a2937298]: BUSY"}}
[info] >  Payment Request Received !!! for this amount >>>  8997 {"user":"Payment Request Received !!! for this amount >>>  8997","metadata":{"emulator":{"name":"functions"},"function":{"name":"us-central1-api"},"extension":{},"message":"\u001b[90m> \u001b[39m Payment Request Received !!! for this amount >>>  8997"}}
[debug] [2023-07-05T12:53:10.612Z] Finishing up request with event=pause {"metadata":{"emulator":{"name":"functions"},"function":{"name":"us-central1-api"},"extension":{},"message":"Finishing up request with event=pause"}}
[info] i  functions: Finished "us-central1-api" in 4.157998ms {"metadata":{"emulator":{"name":"functions"},"function":{"name":"us-central1-api"},"extension":{},"message":"Finished \"us-central1-api\" in 4.157998ms"}}
[debug] [2023-07-05T12:53:10.612Z] [worker-us-central1-api-50b0ca91-d763-4bbd-afba-8da7a2937298]: IDLE {"metadata":{"emulator":{"name":"functions"},"function":{"name":"us-central1-api"},"extension":{},"message":"[worker-us-central1-api-50b0ca91-d763-4bbd-afba-8da7a2937298]: IDLE"}}
[debug] [2023-07-05T12:53:10.612Z] Finishing up request with event=finish {"metadata":{"emulator":{"name":"functions"},"function":{"name":"us-central1-api"},"extension":{},"message":"Finishing up request with event=finish"}}
[debug] [2023-07-05T12:53:10.612Z] Finishing up request with event=close {"metadata":{"emulator":{"name":"functions"},"function":{"name":"us-central1-api"},"extension":{},"message":"Finishing up request with event=close"}}
[debug] [2023-07-05T12:53:10.613Z] [work-queue] {"queuedWork":[],"queueLength":0,"runningWork":["/shopvibe-5b646/us-central1/api/payments/create-2023-07-05T12:53:10.597Z"],"workRunningCount":1}
[debug] [2023-07-05T12:53:10.614Z] [work-queue] {"queuedWork":["/shopvibe-5b646/us-central1/api/payments/create-2023-07-05T12:53:10.614Z"],"queueLength":1,"runningWork":["/shopvibe-5b646/us-central1/api/payments/create-2023-07-05T12:53:10.597Z"],"workRunningCount":1}
[debug] [2023-07-05T12:53:10.614Z] [work-queue] {"queuedWork":[],"queueLength":0,"runningWork":["/shopvibe-5b646/us-central1/api/payments/create-2023-07-05T12:53:10.597Z","/shopvibe-5b646/us-central1/api/payments/create-2023-07-05T12:53:10.614Z"],"workRunningCount":2}
[debug] [2023-07-05T12:53:10.614Z] Accepted request POST /shopvibe-5b646/us-central1/api/payments/create --> us-central1-api
[debug] [2023-07-05T12:53:10.618Z] [functions] Runtime ready! Sending request! {"metadata":{"emulator":{"name":"functions"},"message":"[functions] Runtime ready! Sending request!"}}
[debug] [2023-07-05T12:53:10.618Z] [functions] Got req.url=/shopvibe-5b646/us-central1/api/payments/create, mapping to path=/payments/create {"metadata":{"emulator":{"name":"functions"},"message":"[functions] Got req.url=/shopvibe-5b646/us-central1/api/payments/create, mapping to path=/payments/create"}}
[debug] [2023-07-05T12:53:10.618Z] [worker-pool] submitRequest(triggerId=us-central1-api) {"metadata":{"emulator":{"name":"functions"},"message":"[worker-pool] submitRequest(triggerId=us-central1-api)"}}
[info] i  functions: Beginning execution of "us-central1-api" {"metadata":{"emulator":{"name":"functions"},"function":{"name":"us-central1-api"},"extension":{},"message":"Beginning execution of \"us-central1-api\""}}
[debug] [2023-07-05T12:53:10.619Z] [worker-us-central1-api-50b0ca91-d763-4bbd-afba-8da7a2937298]: BUSY {"metadata":{"emulator":{"name":"functions"},"function":{"name":"us-central1-api"},"extension":{},"message":"[worker-us-central1-api-50b0ca91-d763-4bbd-afba-8da7a2937298]: BUSY"}}
[info] >  Payment Request Received !!! for this amount >>>  8997 {"user":"Payment Request Received !!! for this amount >>>  8997","metadata":{"emulator":{"name":"functions"},"function":{"name":"us-central1-api"},"extension":{},"message":"\u001b[90m> \u001b[39m Payment Request Received !!! for this amount >>>  8997"}}
[debug] [2023-07-05T12:53:10.988Z] Finishing up request with event=pause {"metadata":{"emulator":{"name":"functions"},"function":{"name":"us-central1-api"},"extension":{},"message":"Finishing up request with event=pause"}}
[info] i  functions: Finished "us-central1-api" in 369.584679ms {"metadata":{"emulator":{"name":"functions"},"function":{"name":"us-central1-api"},"extension":{},"message":"Finished \"us-central1-api\" in 369.584679ms"}}
[debug] [2023-07-05T12:53:10.988Z] [worker-us-central1-api-50b0ca91-d763-4bbd-afba-8da7a2937298]: IDLE {"metadata":{"emulator":{"name":"functions"},"function":{"name":"us-central1-api"},"extension":{},"message":"[worker-us-central1-api-50b0ca91-d763-4bbd-afba-8da7a2937298]: IDLE"}}
[debug] [2023-07-05T12:53:10.988Z] Finishing up request with event=finish {"metadata":{"emulator":{"name":"functions"},"function":{"name":"us-central1-api"},"extension":{},"message":"Finishing up request with event=finish"}}
[debug] [2023-07-05T12:53:10.989Z] Finishing up request with event=close {"metadata":{"emulator":{"name":"functions"},"function":{"name":"us-central1-api"},"extension":{},"message":"Finishing up request with event=close"}}
[debug] [2023-07-05T12:53:10.989Z] [work-queue] {"queuedWork":[],"queueLength":0,"runningWork":["/shopvibe-5b646/us-central1/api/payments/create-2023-07-05T12:53:10.597Z"],"workRunningCount":1}
[debug] [2023-07-05T12:53:10.999Z] Finishing up request with event=pause {"metadata":{"emulator":{"name":"functions"},"function":{"name":"us-central1-api"},"extension":{},"message":"Finishing up request with event=pause"}}
[info] i  functions: Finished "us-central1-api" in 397.632322ms {"metadata":{"emulator":{"name":"functions"},"function":{"name":"us-central1-api"},"extension":{},"message":"Finished \"us-central1-api\" in 397.632322ms"}}
[debug] [2023-07-05T12:53:11.000Z] [worker-us-central1-api-2017407b-92e1-4020-8f8d-03df07070d49]: IDLE {"metadata":{"emulator":{"name":"functions"},"function":{"name":"us-central1-api"},"extension":{},"message":"[worker-us-central1-api-2017407b-92e1-4020-8f8d-03df07070d49]: IDLE"}}
[debug] [2023-07-05T12:53:11.000Z] Finishing up request with event=finish {"metadata":{"emulator":{"name":"functions"},"function":{"name":"us-central1-api"},"extension":{},"message":"Finishing up request with event=finish"}}
[debug] [2023-07-05T12:53:11.000Z] Finishing up request with event=close {"metadata":{"emulator":{"name":"functions"},"function":{"name":"us-central1-api"},"extension":{},"message":"Finishing up request with event=close"}}
[debug] [2023-07-05T12:53:11.000Z] [work-queue] {"queuedWork":[],"queueLength":0,"runningWork":[],"workRunningCount":0}
